<?xml version="1.0" encoding="UTF-8"?>
<testsuite xmlns:xsi="http://www.w3.org/2001/XMLSchema-instance" xsi:noNamespaceSchemaLocation="https://maven.apache.org/surefire/maven-surefire-plugin/xsd/surefire-test-report.xsd" name="com.hmdp.HmDianPingApplicationTests" time="5.31" tests="1" errors="0" skipped="0" failures="0">
  <properties>
    <property name="java.specification.version" value="17"/>
    <property name="sun.cpu.isalist" value="amd64"/>
    <property name="sun.jnu.encoding" value="GBK"/>
    <property name="java.class.path" value="D:\JavaProject-sddianping\sddianping\target\test-classes;D:\JavaProject-sddianping\sddianping\target\classes;D:\AppData\Maven\apache-maven-3.9.9-bin\apache-maven-3.9.9\mvn_repo\org\springframework\boot\spring-boot-starter-data-redis\2.3.12.RELEASE\spring-boot-starter-data-redis-2.3.12.RELEASE.jar;D:\AppData\Maven\apache-maven-3.9.9-bin\apache-maven-3.9.9\mvn_repo\org\springframework\boot\spring-boot-starter\2.3.12.RELEASE\spring-boot-starter-2.3.12.RELEASE.jar;D:\AppData\Maven\apache-maven-3.9.9-bin\apache-maven-3.9.9\mvn_repo\org\springframework\boot\spring-boot\2.3.12.RELEASE\spring-boot-2.3.12.RELEASE.jar;D:\AppData\Maven\apache-maven-3.9.9-bin\apache-maven-3.9.9\mvn_repo\org\springframework\boot\spring-boot-starter-logging\2.3.12.RELEASE\spring-boot-starter-logging-2.3.12.RELEASE.jar;D:\AppData\Maven\apache-maven-3.9.9-bin\apache-maven-3.9.9\mvn_repo\ch\qos\logback\logback-classic\1.2.3\logback-classic-1.2.3.jar;D:\AppData\Maven\apache-maven-3.9.9-bin\apache-maven-3.9.9\mvn_repo\ch\qos\logback\logback-core\1.2.3\logback-core-1.2.3.jar;D:\AppData\Maven\apache-maven-3.9.9-bin\apache-maven-3.9.9\mvn_repo\org\apache\logging\log4j\log4j-to-slf4j\2.13.3\log4j-to-slf4j-2.13.3.jar;D:\AppData\Maven\apache-maven-3.9.9-bin\apache-maven-3.9.9\mvn_repo\org\apache\logging\log4j\log4j-api\2.13.3\log4j-api-2.13.3.jar;D:\AppData\Maven\apache-maven-3.9.9-bin\apache-maven-3.9.9\mvn_repo\org\slf4j\jul-to-slf4j\1.7.30\jul-to-slf4j-1.7.30.jar;D:\AppData\Maven\apache-maven-3.9.9-bin\apache-maven-3.9.9\mvn_repo\jakarta\annotation\jakarta.annotation-api\1.3.5\jakarta.annotation-api-1.3.5.jar;D:\AppData\Maven\apache-maven-3.9.9-bin\apache-maven-3.9.9\mvn_repo\org\yaml\snakeyaml\1.26\snakeyaml-1.26.jar;D:\AppData\Maven\apache-maven-3.9.9-bin\apache-maven-3.9.9\mvn_repo\org\springframework\data\spring-data-redis\2.3.9.RELEASE\spring-data-redis-2.3.9.RELEASE.jar;D:\AppData\Maven\apache-maven-3.9.9-bin\apache-maven-3.9.9\mvn_repo\org\springframework\data\spring-data-keyvalue\2.3.9.RELEASE\spring-data-keyvalue-2.3.9.RELEASE.jar;D:\AppData\Maven\apache-maven-3.9.9-bin\apache-maven-3.9.9\mvn_repo\org\springframework\data\spring-data-commons\2.3.9.RELEASE\spring-data-commons-2.3.9.RELEASE.jar;D:\AppData\Maven\apache-maven-3.9.9-bin\apache-maven-3.9.9\mvn_repo\org\springframework\spring-tx\5.2.15.RELEASE\spring-tx-5.2.15.RELEASE.jar;D:\AppData\Maven\apache-maven-3.9.9-bin\apache-maven-3.9.9\mvn_repo\org\springframework\spring-oxm\5.2.15.RELEASE\spring-oxm-5.2.15.RELEASE.jar;D:\AppData\Maven\apache-maven-3.9.9-bin\apache-maven-3.9.9\mvn_repo\org\springframework\spring-aop\5.2.15.RELEASE\spring-aop-5.2.15.RELEASE.jar;D:\AppData\Maven\apache-maven-3.9.9-bin\apache-maven-3.9.9\mvn_repo\org\springframework\spring-context-support\5.2.15.RELEASE\spring-context-support-5.2.15.RELEASE.jar;D:\AppData\Maven\apache-maven-3.9.9-bin\apache-maven-3.9.9\mvn_repo\org\slf4j\slf4j-api\1.7.30\slf4j-api-1.7.30.jar;D:\AppData\Maven\apache-maven-3.9.9-bin\apache-maven-3.9.9\mvn_repo\io\lettuce\lettuce-core\5.3.7.RELEASE\lettuce-core-5.3.7.RELEASE.jar;D:\AppData\Maven\apache-maven-3.9.9-bin\apache-maven-3.9.9\mvn_repo\io\netty\netty-common\4.1.65.Final\netty-common-4.1.65.Final.jar;D:\AppData\Maven\apache-maven-3.9.9-bin\apache-maven-3.9.9\mvn_repo\io\netty\netty-handler\4.1.65.Final\netty-handler-4.1.65.Final.jar;D:\AppData\Maven\apache-maven-3.9.9-bin\apache-maven-3.9.9\mvn_repo\io\netty\netty-resolver\4.1.65.Final\netty-resolver-4.1.65.Final.jar;D:\AppData\Maven\apache-maven-3.9.9-bin\apache-maven-3.9.9\mvn_repo\io\netty\netty-buffer\4.1.65.Final\netty-buffer-4.1.65.Final.jar;D:\AppData\Maven\apache-maven-3.9.9-bin\apache-maven-3.9.9\mvn_repo\io\netty\netty-codec\4.1.65.Final\netty-codec-4.1.65.Final.jar;D:\AppData\Maven\apache-maven-3.9.9-bin\apache-maven-3.9.9\mvn_repo\io\netty\netty-transport\4.1.65.Final\netty-transport-4.1.65.Final.jar;D:\AppData\Maven\apache-maven-3.9.9-bin\apache-maven-3.9.9\mvn_repo\io\projectreactor\reactor-core\3.3.17.RELEASE\reactor-core-3.3.17.RELEASE.jar;D:\AppData\Maven\apache-maven-3.9.9-bin\apache-maven-3.9.9\mvn_repo\org\reactivestreams\reactive-streams\1.0.3\reactive-streams-1.0.3.jar;D:\AppData\Maven\apache-maven-3.9.9-bin\apache-maven-3.9.9\mvn_repo\org\apache\commons\commons-pool2\2.8.1\commons-pool2-2.8.1.jar;D:\AppData\Maven\apache-maven-3.9.9-bin\apache-maven-3.9.9\mvn_repo\org\springframework\boot\spring-boot-starter-web\2.3.12.RELEASE\spring-boot-starter-web-2.3.12.RELEASE.jar;D:\AppData\Maven\apache-maven-3.9.9-bin\apache-maven-3.9.9\mvn_repo\org\springframework\boot\spring-boot-starter-json\2.3.12.RELEASE\spring-boot-starter-json-2.3.12.RELEASE.jar;D:\AppData\Maven\apache-maven-3.9.9-bin\apache-maven-3.9.9\mvn_repo\com\fasterxml\jackson\core\jackson-databind\2.11.4\jackson-databind-2.11.4.jar;D:\AppData\Maven\apache-maven-3.9.9-bin\apache-maven-3.9.9\mvn_repo\com\fasterxml\jackson\core\jackson-annotations\2.11.4\jackson-annotations-2.11.4.jar;D:\AppData\Maven\apache-maven-3.9.9-bin\apache-maven-3.9.9\mvn_repo\com\fasterxml\jackson\core\jackson-core\2.11.4\jackson-core-2.11.4.jar;D:\AppData\Maven\apache-maven-3.9.9-bin\apache-maven-3.9.9\mvn_repo\com\fasterxml\jackson\datatype\jackson-datatype-jdk8\2.11.4\jackson-datatype-jdk8-2.11.4.jar;D:\AppData\Maven\apache-maven-3.9.9-bin\apache-maven-3.9.9\mvn_repo\com\fasterxml\jackson\datatype\jackson-datatype-jsr310\2.11.4\jackson-datatype-jsr310-2.11.4.jar;D:\AppData\Maven\apache-maven-3.9.9-bin\apache-maven-3.9.9\mvn_repo\com\fasterxml\jackson\module\jackson-module-parameter-names\2.11.4\jackson-module-parameter-names-2.11.4.jar;D:\AppData\Maven\apache-maven-3.9.9-bin\apache-maven-3.9.9\mvn_repo\org\springframework\boot\spring-boot-starter-tomcat\2.3.12.RELEASE\spring-boot-starter-tomcat-2.3.12.RELEASE.jar;D:\AppData\Maven\apache-maven-3.9.9-bin\apache-maven-3.9.9\mvn_repo\org\apache\tomcat\embed\tomcat-embed-core\9.0.46\tomcat-embed-core-9.0.46.jar;D:\AppData\Maven\apache-maven-3.9.9-bin\apache-maven-3.9.9\mvn_repo\org\glassfish\jakarta.el\3.0.3\jakarta.el-3.0.3.jar;D:\AppData\Maven\apache-maven-3.9.9-bin\apache-maven-3.9.9\mvn_repo\org\apache\tomcat\embed\tomcat-embed-websocket\9.0.46\tomcat-embed-websocket-9.0.46.jar;D:\AppData\Maven\apache-maven-3.9.9-bin\apache-maven-3.9.9\mvn_repo\org\springframework\spring-web\5.2.15.RELEASE\spring-web-5.2.15.RELEASE.jar;D:\AppData\Maven\apache-maven-3.9.9-bin\apache-maven-3.9.9\mvn_repo\org\springframework\spring-beans\5.2.15.RELEASE\spring-beans-5.2.15.RELEASE.jar;D:\AppData\Maven\apache-maven-3.9.9-bin\apache-maven-3.9.9\mvn_repo\org\springframework\spring-webmvc\5.2.15.RELEASE\spring-webmvc-5.2.15.RELEASE.jar;D:\AppData\Maven\apache-maven-3.9.9-bin\apache-maven-3.9.9\mvn_repo\org\springframework\spring-context\5.2.15.RELEASE\spring-context-5.2.15.RELEASE.jar;D:\AppData\Maven\apache-maven-3.9.9-bin\apache-maven-3.9.9\mvn_repo\org\springframework\spring-expression\5.2.15.RELEASE\spring-expression-5.2.15.RELEASE.jar;D:\AppData\Maven\apache-maven-3.9.9-bin\apache-maven-3.9.9\mvn_repo\mysql\mysql-connector-java\5.1.47\mysql-connector-java-5.1.47.jar;D:\AppData\Maven\apache-maven-3.9.9-bin\apache-maven-3.9.9\mvn_repo\org\projectlombok\lombok\1.18.20\lombok-1.18.20.jar;D:\AppData\Maven\apache-maven-3.9.9-bin\apache-maven-3.9.9\mvn_repo\org\springframework\boot\spring-boot-starter-test\2.3.12.RELEASE\spring-boot-starter-test-2.3.12.RELEASE.jar;D:\AppData\Maven\apache-maven-3.9.9-bin\apache-maven-3.9.9\mvn_repo\org\springframework\boot\spring-boot-test\2.3.12.RELEASE\spring-boot-test-2.3.12.RELEASE.jar;D:\AppData\Maven\apache-maven-3.9.9-bin\apache-maven-3.9.9\mvn_repo\org\springframework\boot\spring-boot-test-autoconfigure\2.3.12.RELEASE\spring-boot-test-autoconfigure-2.3.12.RELEASE.jar;D:\AppData\Maven\apache-maven-3.9.9-bin\apache-maven-3.9.9\mvn_repo\com\jayway\jsonpath\json-path\2.4.0\json-path-2.4.0.jar;D:\AppData\Maven\apache-maven-3.9.9-bin\apache-maven-3.9.9\mvn_repo\net\minidev\json-smart\2.3.1\json-smart-2.3.1.jar;D:\AppData\Maven\apache-maven-3.9.9-bin\apache-maven-3.9.9\mvn_repo\net\minidev\accessors-smart\2.3.1\accessors-smart-2.3.1.jar;D:\AppData\Maven\apache-maven-3.9.9-bin\apache-maven-3.9.9\mvn_repo\org\ow2\asm\asm\5.0.4\asm-5.0.4.jar;D:\AppData\Maven\apache-maven-3.9.9-bin\apache-maven-3.9.9\mvn_repo\jakarta\xml\bind\jakarta.xml.bind-api\2.3.3\jakarta.xml.bind-api-2.3.3.jar;D:\AppData\Maven\apache-maven-3.9.9-bin\apache-maven-3.9.9\mvn_repo\jakarta\activation\jakarta.activation-api\1.2.2\jakarta.activation-api-1.2.2.jar;D:\AppData\Maven\apache-maven-3.9.9-bin\apache-maven-3.9.9\mvn_repo\org\assertj\assertj-core\3.16.1\assertj-core-3.16.1.jar;D:\AppData\Maven\apache-maven-3.9.9-bin\apache-maven-3.9.9\mvn_repo\org\hamcrest\hamcrest\2.2\hamcrest-2.2.jar;D:\AppData\Maven\apache-maven-3.9.9-bin\apache-maven-3.9.9\mvn_repo\org\junit\jupiter\junit-jupiter\5.6.3\junit-jupiter-5.6.3.jar;D:\AppData\Maven\apache-maven-3.9.9-bin\apache-maven-3.9.9\mvn_repo\org\junit\jupiter\junit-jupiter-api\5.6.3\junit-jupiter-api-5.6.3.jar;D:\AppData\Maven\apache-maven-3.9.9-bin\apache-maven-3.9.9\mvn_repo\org\opentest4j\opentest4j\1.2.0\opentest4j-1.2.0.jar;D:\AppData\Maven\apache-maven-3.9.9-bin\apache-maven-3.9.9\mvn_repo\org\junit\platform\junit-platform-commons\1.6.3\junit-platform-commons-1.6.3.jar;D:\AppData\Maven\apache-maven-3.9.9-bin\apache-maven-3.9.9\mvn_repo\org\junit\jupiter\junit-jupiter-params\5.6.3\junit-jupiter-params-5.6.3.jar;D:\AppData\Maven\apache-maven-3.9.9-bin\apache-maven-3.9.9\mvn_repo\org\junit\jupiter\junit-jupiter-engine\5.6.3\junit-jupiter-engine-5.6.3.jar;D:\AppData\Maven\apache-maven-3.9.9-bin\apache-maven-3.9.9\mvn_repo\org\junit\vintage\junit-vintage-engine\5.6.3\junit-vintage-engine-5.6.3.jar;D:\AppData\Maven\apache-maven-3.9.9-bin\apache-maven-3.9.9\mvn_repo\org\apiguardian\apiguardian-api\1.1.0\apiguardian-api-1.1.0.jar;D:\AppData\Maven\apache-maven-3.9.9-bin\apache-maven-3.9.9\mvn_repo\org\junit\platform\junit-platform-engine\1.6.3\junit-platform-engine-1.6.3.jar;D:\AppData\Maven\apache-maven-3.9.9-bin\apache-maven-3.9.9\mvn_repo\junit\junit\4.13.2\junit-4.13.2.jar;D:\AppData\Maven\apache-maven-3.9.9-bin\apache-maven-3.9.9\mvn_repo\org\mockito\mockito-core\3.3.3\mockito-core-3.3.3.jar;D:\AppData\Maven\apache-maven-3.9.9-bin\apache-maven-3.9.9\mvn_repo\net\bytebuddy\byte-buddy\1.10.22\byte-buddy-1.10.22.jar;D:\AppData\Maven\apache-maven-3.9.9-bin\apache-maven-3.9.9\mvn_repo\net\bytebuddy\byte-buddy-agent\1.10.22\byte-buddy-agent-1.10.22.jar;D:\AppData\Maven\apache-maven-3.9.9-bin\apache-maven-3.9.9\mvn_repo\org\objenesis\objenesis\2.6\objenesis-2.6.jar;D:\AppData\Maven\apache-maven-3.9.9-bin\apache-maven-3.9.9\mvn_repo\org\mockito\mockito-junit-jupiter\3.3.3\mockito-junit-jupiter-3.3.3.jar;D:\AppData\Maven\apache-maven-3.9.9-bin\apache-maven-3.9.9\mvn_repo\org\skyscreamer\jsonassert\1.5.0\jsonassert-1.5.0.jar;D:\AppData\Maven\apache-maven-3.9.9-bin\apache-maven-3.9.9\mvn_repo\com\vaadin\external\google\android-json\0.0.20131108.vaadin1\android-json-0.0.20131108.vaadin1.jar;D:\AppData\Maven\apache-maven-3.9.9-bin\apache-maven-3.9.9\mvn_repo\org\springframework\spring-core\5.2.15.RELEASE\spring-core-5.2.15.RELEASE.jar;D:\AppData\Maven\apache-maven-3.9.9-bin\apache-maven-3.9.9\mvn_repo\org\springframework\spring-jcl\5.2.15.RELEASE\spring-jcl-5.2.15.RELEASE.jar;D:\AppData\Maven\apache-maven-3.9.9-bin\apache-maven-3.9.9\mvn_repo\org\springframework\spring-test\5.2.15.RELEASE\spring-test-5.2.15.RELEASE.jar;D:\AppData\Maven\apache-maven-3.9.9-bin\apache-maven-3.9.9\mvn_repo\org\xmlunit\xmlunit-core\2.7.0\xmlunit-core-2.7.0.jar;D:\AppData\Maven\apache-maven-3.9.9-bin\apache-maven-3.9.9\mvn_repo\com\baomidou\mybatis-plus-boot-starter\3.4.3\mybatis-plus-boot-starter-3.4.3.jar;D:\AppData\Maven\apache-maven-3.9.9-bin\apache-maven-3.9.9\mvn_repo\com\baomidou\mybatis-plus\3.4.3\mybatis-plus-3.4.3.jar;D:\AppData\Maven\apache-maven-3.9.9-bin\apache-maven-3.9.9\mvn_repo\com\baomidou\mybatis-plus-extension\3.4.3\mybatis-plus-extension-3.4.3.jar;D:\AppData\Maven\apache-maven-3.9.9-bin\apache-maven-3.9.9\mvn_repo\com\baomidou\mybatis-plus-core\3.4.3\mybatis-plus-core-3.4.3.jar;D:\AppData\Maven\apache-maven-3.9.9-bin\apache-maven-3.9.9\mvn_repo\com\baomidou\mybatis-plus-annotation\3.4.3\mybatis-plus-annotation-3.4.3.jar;D:\AppData\Maven\apache-maven-3.9.9-bin\apache-maven-3.9.9\mvn_repo\com\github\jsqlparser\jsqlparser\4.0\jsqlparser-4.0.jar;D:\AppData\Maven\apache-maven-3.9.9-bin\apache-maven-3.9.9\mvn_repo\org\mybatis\mybatis\3.5.7\mybatis-3.5.7.jar;D:\AppData\Maven\apache-maven-3.9.9-bin\apache-maven-3.9.9\mvn_repo\org\mybatis\mybatis-spring\2.0.6\mybatis-spring-2.0.6.jar;D:\AppData\Maven\apache-maven-3.9.9-bin\apache-maven-3.9.9\mvn_repo\org\springframework\boot\spring-boot-autoconfigure\2.3.12.RELEASE\spring-boot-autoconfigure-2.3.12.RELEASE.jar;D:\AppData\Maven\apache-maven-3.9.9-bin\apache-maven-3.9.9\mvn_repo\org\springframework\boot\spring-boot-starter-jdbc\2.3.12.RELEASE\spring-boot-starter-jdbc-2.3.12.RELEASE.jar;D:\AppData\Maven\apache-maven-3.9.9-bin\apache-maven-3.9.9\mvn_repo\com\zaxxer\HikariCP\3.4.5\HikariCP-3.4.5.jar;D:\AppData\Maven\apache-maven-3.9.9-bin\apache-maven-3.9.9\mvn_repo\org\springframework\spring-jdbc\5.2.15.RELEASE\spring-jdbc-5.2.15.RELEASE.jar;D:\AppData\Maven\apache-maven-3.9.9-bin\apache-maven-3.9.9\mvn_repo\cn\hutool\hutool-all\5.7.17\hutool-all-5.7.17.jar;"/>
    <property name="java.vm.vendor" value="Oracle Corporation"/>
    <property name="sun.arch.data.model" value="64"/>
    <property name="user.variant" value=""/>
    <property name="java.vendor.url" value="https://java.oracle.com/"/>
    <property name="user.timezone" value="Asia/Shanghai"/>
    <property name="os.name" value="Windows 10"/>
    <property name="java.vm.specification.version" value="17"/>
    <property name="sun.java.launcher" value="SUN_STANDARD"/>
    <property name="user.country" value="CN"/>
    <property name="sun.boot.library.path" value="D:\AppData\Java\JDK-17\bin"/>
    <property name="sun.java.command" value="C:\Users\ADMINI~1\AppData\Local\Temp\surefire257564941454340223\surefirebooter7284503609392255683.jar C:\Users\Administrator\AppData\Local\Temp\surefire257564941454340223 2025-10-11T18-16-01_453-jvmRun1 surefire2533249378198039524tmp surefire_014244113226494688253tmp"/>
    <property name="jdk.debug" value="release"/>
    <property name="surefire.test.class.path" value="D:\JavaProject-sddianping\sddianping\target\test-classes;D:\JavaProject-sddianping\sddianping\target\classes;D:\AppData\Maven\apache-maven-3.9.9-bin\apache-maven-3.9.9\mvn_repo\org\springframework\boot\spring-boot-starter-data-redis\2.3.12.RELEASE\spring-boot-starter-data-redis-2.3.12.RELEASE.jar;D:\AppData\Maven\apache-maven-3.9.9-bin\apache-maven-3.9.9\mvn_repo\org\springframework\boot\spring-boot-starter\2.3.12.RELEASE\spring-boot-starter-2.3.12.RELEASE.jar;D:\AppData\Maven\apache-maven-3.9.9-bin\apache-maven-3.9.9\mvn_repo\org\springframework\boot\spring-boot\2.3.12.RELEASE\spring-boot-2.3.12.RELEASE.jar;D:\AppData\Maven\apache-maven-3.9.9-bin\apache-maven-3.9.9\mvn_repo\org\springframework\boot\spring-boot-starter-logging\2.3.12.RELEASE\spring-boot-starter-logging-2.3.12.RELEASE.jar;D:\AppData\Maven\apache-maven-3.9.9-bin\apache-maven-3.9.9\mvn_repo\ch\qos\logback\logback-classic\1.2.3\logback-classic-1.2.3.jar;D:\AppData\Maven\apache-maven-3.9.9-bin\apache-maven-3.9.9\mvn_repo\ch\qos\logback\logback-core\1.2.3\logback-core-1.2.3.jar;D:\AppData\Maven\apache-maven-3.9.9-bin\apache-maven-3.9.9\mvn_repo\org\apache\logging\log4j\log4j-to-slf4j\2.13.3\log4j-to-slf4j-2.13.3.jar;D:\AppData\Maven\apache-maven-3.9.9-bin\apache-maven-3.9.9\mvn_repo\org\apache\logging\log4j\log4j-api\2.13.3\log4j-api-2.13.3.jar;D:\AppData\Maven\apache-maven-3.9.9-bin\apache-maven-3.9.9\mvn_repo\org\slf4j\jul-to-slf4j\1.7.30\jul-to-slf4j-1.7.30.jar;D:\AppData\Maven\apache-maven-3.9.9-bin\apache-maven-3.9.9\mvn_repo\jakarta\annotation\jakarta.annotation-api\1.3.5\jakarta.annotation-api-1.3.5.jar;D:\AppData\Maven\apache-maven-3.9.9-bin\apache-maven-3.9.9\mvn_repo\org\yaml\snakeyaml\1.26\snakeyaml-1.26.jar;D:\AppData\Maven\apache-maven-3.9.9-bin\apache-maven-3.9.9\mvn_repo\org\springframework\data\spring-data-redis\2.3.9.RELEASE\spring-data-redis-2.3.9.RELEASE.jar;D:\AppData\Maven\apache-maven-3.9.9-bin\apache-maven-3.9.9\mvn_repo\org\springframework\data\spring-data-keyvalue\2.3.9.RELEASE\spring-data-keyvalue-2.3.9.RELEASE.jar;D:\AppData\Maven\apache-maven-3.9.9-bin\apache-maven-3.9.9\mvn_repo\org\springframework\data\spring-data-commons\2.3.9.RELEASE\spring-data-commons-2.3.9.RELEASE.jar;D:\AppData\Maven\apache-maven-3.9.9-bin\apache-maven-3.9.9\mvn_repo\org\springframework\spring-tx\5.2.15.RELEASE\spring-tx-5.2.15.RELEASE.jar;D:\AppData\Maven\apache-maven-3.9.9-bin\apache-maven-3.9.9\mvn_repo\org\springframework\spring-oxm\5.2.15.RELEASE\spring-oxm-5.2.15.RELEASE.jar;D:\AppData\Maven\apache-maven-3.9.9-bin\apache-maven-3.9.9\mvn_repo\org\springframework\spring-aop\5.2.15.RELEASE\spring-aop-5.2.15.RELEASE.jar;D:\AppData\Maven\apache-maven-3.9.9-bin\apache-maven-3.9.9\mvn_repo\org\springframework\spring-context-support\5.2.15.RELEASE\spring-context-support-5.2.15.RELEASE.jar;D:\AppData\Maven\apache-maven-3.9.9-bin\apache-maven-3.9.9\mvn_repo\org\slf4j\slf4j-api\1.7.30\slf4j-api-1.7.30.jar;D:\AppData\Maven\apache-maven-3.9.9-bin\apache-maven-3.9.9\mvn_repo\io\lettuce\lettuce-core\5.3.7.RELEASE\lettuce-core-5.3.7.RELEASE.jar;D:\AppData\Maven\apache-maven-3.9.9-bin\apache-maven-3.9.9\mvn_repo\io\netty\netty-common\4.1.65.Final\netty-common-4.1.65.Final.jar;D:\AppData\Maven\apache-maven-3.9.9-bin\apache-maven-3.9.9\mvn_repo\io\netty\netty-handler\4.1.65.Final\netty-handler-4.1.65.Final.jar;D:\AppData\Maven\apache-maven-3.9.9-bin\apache-maven-3.9.9\mvn_repo\io\netty\netty-resolver\4.1.65.Final\netty-resolver-4.1.65.Final.jar;D:\AppData\Maven\apache-maven-3.9.9-bin\apache-maven-3.9.9\mvn_repo\io\netty\netty-buffer\4.1.65.Final\netty-buffer-4.1.65.Final.jar;D:\AppData\Maven\apache-maven-3.9.9-bin\apache-maven-3.9.9\mvn_repo\io\netty\netty-codec\4.1.65.Final\netty-codec-4.1.65.Final.jar;D:\AppData\Maven\apache-maven-3.9.9-bin\apache-maven-3.9.9\mvn_repo\io\netty\netty-transport\4.1.65.Final\netty-transport-4.1.65.Final.jar;D:\AppData\Maven\apache-maven-3.9.9-bin\apache-maven-3.9.9\mvn_repo\io\projectreactor\reactor-core\3.3.17.RELEASE\reactor-core-3.3.17.RELEASE.jar;D:\AppData\Maven\apache-maven-3.9.9-bin\apache-maven-3.9.9\mvn_repo\org\reactivestreams\reactive-streams\1.0.3\reactive-streams-1.0.3.jar;D:\AppData\Maven\apache-maven-3.9.9-bin\apache-maven-3.9.9\mvn_repo\org\apache\commons\commons-pool2\2.8.1\commons-pool2-2.8.1.jar;D:\AppData\Maven\apache-maven-3.9.9-bin\apache-maven-3.9.9\mvn_repo\org\springframework\boot\spring-boot-starter-web\2.3.12.RELEASE\spring-boot-starter-web-2.3.12.RELEASE.jar;D:\AppData\Maven\apache-maven-3.9.9-bin\apache-maven-3.9.9\mvn_repo\org\springframework\boot\spring-boot-starter-json\2.3.12.RELEASE\spring-boot-starter-json-2.3.12.RELEASE.jar;D:\AppData\Maven\apache-maven-3.9.9-bin\apache-maven-3.9.9\mvn_repo\com\fasterxml\jackson\core\jackson-databind\2.11.4\jackson-databind-2.11.4.jar;D:\AppData\Maven\apache-maven-3.9.9-bin\apache-maven-3.9.9\mvn_repo\com\fasterxml\jackson\core\jackson-annotations\2.11.4\jackson-annotations-2.11.4.jar;D:\AppData\Maven\apache-maven-3.9.9-bin\apache-maven-3.9.9\mvn_repo\com\fasterxml\jackson\core\jackson-core\2.11.4\jackson-core-2.11.4.jar;D:\AppData\Maven\apache-maven-3.9.9-bin\apache-maven-3.9.9\mvn_repo\com\fasterxml\jackson\datatype\jackson-datatype-jdk8\2.11.4\jackson-datatype-jdk8-2.11.4.jar;D:\AppData\Maven\apache-maven-3.9.9-bin\apache-maven-3.9.9\mvn_repo\com\fasterxml\jackson\datatype\jackson-datatype-jsr310\2.11.4\jackson-datatype-jsr310-2.11.4.jar;D:\AppData\Maven\apache-maven-3.9.9-bin\apache-maven-3.9.9\mvn_repo\com\fasterxml\jackson\module\jackson-module-parameter-names\2.11.4\jackson-module-parameter-names-2.11.4.jar;D:\AppData\Maven\apache-maven-3.9.9-bin\apache-maven-3.9.9\mvn_repo\org\springframework\boot\spring-boot-starter-tomcat\2.3.12.RELEASE\spring-boot-starter-tomcat-2.3.12.RELEASE.jar;D:\AppData\Maven\apache-maven-3.9.9-bin\apache-maven-3.9.9\mvn_repo\org\apache\tomcat\embed\tomcat-embed-core\9.0.46\tomcat-embed-core-9.0.46.jar;D:\AppData\Maven\apache-maven-3.9.9-bin\apache-maven-3.9.9\mvn_repo\org\glassfish\jakarta.el\3.0.3\jakarta.el-3.0.3.jar;D:\AppData\Maven\apache-maven-3.9.9-bin\apache-maven-3.9.9\mvn_repo\org\apache\tomcat\embed\tomcat-embed-websocket\9.0.46\tomcat-embed-websocket-9.0.46.jar;D:\AppData\Maven\apache-maven-3.9.9-bin\apache-maven-3.9.9\mvn_repo\org\springframework\spring-web\5.2.15.RELEASE\spring-web-5.2.15.RELEASE.jar;D:\AppData\Maven\apache-maven-3.9.9-bin\apache-maven-3.9.9\mvn_repo\org\springframework\spring-beans\5.2.15.RELEASE\spring-beans-5.2.15.RELEASE.jar;D:\AppData\Maven\apache-maven-3.9.9-bin\apache-maven-3.9.9\mvn_repo\org\springframework\spring-webmvc\5.2.15.RELEASE\spring-webmvc-5.2.15.RELEASE.jar;D:\AppData\Maven\apache-maven-3.9.9-bin\apache-maven-3.9.9\mvn_repo\org\springframework\spring-context\5.2.15.RELEASE\spring-context-5.2.15.RELEASE.jar;D:\AppData\Maven\apache-maven-3.9.9-bin\apache-maven-3.9.9\mvn_repo\org\springframework\spring-expression\5.2.15.RELEASE\spring-expression-5.2.15.RELEASE.jar;D:\AppData\Maven\apache-maven-3.9.9-bin\apache-maven-3.9.9\mvn_repo\mysql\mysql-connector-java\5.1.47\mysql-connector-java-5.1.47.jar;D:\AppData\Maven\apache-maven-3.9.9-bin\apache-maven-3.9.9\mvn_repo\org\projectlombok\lombok\1.18.20\lombok-1.18.20.jar;D:\AppData\Maven\apache-maven-3.9.9-bin\apache-maven-3.9.9\mvn_repo\org\springframework\boot\spring-boot-starter-test\2.3.12.RELEASE\spring-boot-starter-test-2.3.12.RELEASE.jar;D:\AppData\Maven\apache-maven-3.9.9-bin\apache-maven-3.9.9\mvn_repo\org\springframework\boot\spring-boot-test\2.3.12.RELEASE\spring-boot-test-2.3.12.RELEASE.jar;D:\AppData\Maven\apache-maven-3.9.9-bin\apache-maven-3.9.9\mvn_repo\org\springframework\boot\spring-boot-test-autoconfigure\2.3.12.RELEASE\spring-boot-test-autoconfigure-2.3.12.RELEASE.jar;D:\AppData\Maven\apache-maven-3.9.9-bin\apache-maven-3.9.9\mvn_repo\com\jayway\jsonpath\json-path\2.4.0\json-path-2.4.0.jar;D:\AppData\Maven\apache-maven-3.9.9-bin\apache-maven-3.9.9\mvn_repo\net\minidev\json-smart\2.3.1\json-smart-2.3.1.jar;D:\AppData\Maven\apache-maven-3.9.9-bin\apache-maven-3.9.9\mvn_repo\net\minidev\accessors-smart\2.3.1\accessors-smart-2.3.1.jar;D:\AppData\Maven\apache-maven-3.9.9-bin\apache-maven-3.9.9\mvn_repo\org\ow2\asm\asm\5.0.4\asm-5.0.4.jar;D:\AppData\Maven\apache-maven-3.9.9-bin\apache-maven-3.9.9\mvn_repo\jakarta\xml\bind\jakarta.xml.bind-api\2.3.3\jakarta.xml.bind-api-2.3.3.jar;D:\AppData\Maven\apache-maven-3.9.9-bin\apache-maven-3.9.9\mvn_repo\jakarta\activation\jakarta.activation-api\1.2.2\jakarta.activation-api-1.2.2.jar;D:\AppData\Maven\apache-maven-3.9.9-bin\apache-maven-3.9.9\mvn_repo\org\assertj\assertj-core\3.16.1\assertj-core-3.16.1.jar;D:\AppData\Maven\apache-maven-3.9.9-bin\apache-maven-3.9.9\mvn_repo\org\hamcrest\hamcrest\2.2\hamcrest-2.2.jar;D:\AppData\Maven\apache-maven-3.9.9-bin\apache-maven-3.9.9\mvn_repo\org\junit\jupiter\junit-jupiter\5.6.3\junit-jupiter-5.6.3.jar;D:\AppData\Maven\apache-maven-3.9.9-bin\apache-maven-3.9.9\mvn_repo\org\junit\jupiter\junit-jupiter-api\5.6.3\junit-jupiter-api-5.6.3.jar;D:\AppData\Maven\apache-maven-3.9.9-bin\apache-maven-3.9.9\mvn_repo\org\opentest4j\opentest4j\1.2.0\opentest4j-1.2.0.jar;D:\AppData\Maven\apache-maven-3.9.9-bin\apache-maven-3.9.9\mvn_repo\org\junit\platform\junit-platform-commons\1.6.3\junit-platform-commons-1.6.3.jar;D:\AppData\Maven\apache-maven-3.9.9-bin\apache-maven-3.9.9\mvn_repo\org\junit\jupiter\junit-jupiter-params\5.6.3\junit-jupiter-params-5.6.3.jar;D:\AppData\Maven\apache-maven-3.9.9-bin\apache-maven-3.9.9\mvn_repo\org\junit\jupiter\junit-jupiter-engine\5.6.3\junit-jupiter-engine-5.6.3.jar;D:\AppData\Maven\apache-maven-3.9.9-bin\apache-maven-3.9.9\mvn_repo\org\junit\vintage\junit-vintage-engine\5.6.3\junit-vintage-engine-5.6.3.jar;D:\AppData\Maven\apache-maven-3.9.9-bin\apache-maven-3.9.9\mvn_repo\org\apiguardian\apiguardian-api\1.1.0\apiguardian-api-1.1.0.jar;D:\AppData\Maven\apache-maven-3.9.9-bin\apache-maven-3.9.9\mvn_repo\org\junit\platform\junit-platform-engine\1.6.3\junit-platform-engine-1.6.3.jar;D:\AppData\Maven\apache-maven-3.9.9-bin\apache-maven-3.9.9\mvn_repo\junit\junit\4.13.2\junit-4.13.2.jar;D:\AppData\Maven\apache-maven-3.9.9-bin\apache-maven-3.9.9\mvn_repo\org\mockito\mockito-core\3.3.3\mockito-core-3.3.3.jar;D:\AppData\Maven\apache-maven-3.9.9-bin\apache-maven-3.9.9\mvn_repo\net\bytebuddy\byte-buddy\1.10.22\byte-buddy-1.10.22.jar;D:\AppData\Maven\apache-maven-3.9.9-bin\apache-maven-3.9.9\mvn_repo\net\bytebuddy\byte-buddy-agent\1.10.22\byte-buddy-agent-1.10.22.jar;D:\AppData\Maven\apache-maven-3.9.9-bin\apache-maven-3.9.9\mvn_repo\org\objenesis\objenesis\2.6\objenesis-2.6.jar;D:\AppData\Maven\apache-maven-3.9.9-bin\apache-maven-3.9.9\mvn_repo\org\mockito\mockito-junit-jupiter\3.3.3\mockito-junit-jupiter-3.3.3.jar;D:\AppData\Maven\apache-maven-3.9.9-bin\apache-maven-3.9.9\mvn_repo\org\skyscreamer\jsonassert\1.5.0\jsonassert-1.5.0.jar;D:\AppData\Maven\apache-maven-3.9.9-bin\apache-maven-3.9.9\mvn_repo\com\vaadin\external\google\android-json\0.0.20131108.vaadin1\android-json-0.0.20131108.vaadin1.jar;D:\AppData\Maven\apache-maven-3.9.9-bin\apache-maven-3.9.9\mvn_repo\org\springframework\spring-core\5.2.15.RELEASE\spring-core-5.2.15.RELEASE.jar;D:\AppData\Maven\apache-maven-3.9.9-bin\apache-maven-3.9.9\mvn_repo\org\springframework\spring-jcl\5.2.15.RELEASE\spring-jcl-5.2.15.RELEASE.jar;D:\AppData\Maven\apache-maven-3.9.9-bin\apache-maven-3.9.9\mvn_repo\org\springframework\spring-test\5.2.15.RELEASE\spring-test-5.2.15.RELEASE.jar;D:\AppData\Maven\apache-maven-3.9.9-bin\apache-maven-3.9.9\mvn_repo\org\xmlunit\xmlunit-core\2.7.0\xmlunit-core-2.7.0.jar;D:\AppData\Maven\apache-maven-3.9.9-bin\apache-maven-3.9.9\mvn_repo\com\baomidou\mybatis-plus-boot-starter\3.4.3\mybatis-plus-boot-starter-3.4.3.jar;D:\AppData\Maven\apache-maven-3.9.9-bin\apache-maven-3.9.9\mvn_repo\com\baomidou\mybatis-plus\3.4.3\mybatis-plus-3.4.3.jar;D:\AppData\Maven\apache-maven-3.9.9-bin\apache-maven-3.9.9\mvn_repo\com\baomidou\mybatis-plus-extension\3.4.3\mybatis-plus-extension-3.4.3.jar;D:\AppData\Maven\apache-maven-3.9.9-bin\apache-maven-3.9.9\mvn_repo\com\baomidou\mybatis-plus-core\3.4.3\mybatis-plus-core-3.4.3.jar;D:\AppData\Maven\apache-maven-3.9.9-bin\apache-maven-3.9.9\mvn_repo\com\baomidou\mybatis-plus-annotation\3.4.3\mybatis-plus-annotation-3.4.3.jar;D:\AppData\Maven\apache-maven-3.9.9-bin\apache-maven-3.9.9\mvn_repo\com\github\jsqlparser\jsqlparser\4.0\jsqlparser-4.0.jar;D:\AppData\Maven\apache-maven-3.9.9-bin\apache-maven-3.9.9\mvn_repo\org\mybatis\mybatis\3.5.7\mybatis-3.5.7.jar;D:\AppData\Maven\apache-maven-3.9.9-bin\apache-maven-3.9.9\mvn_repo\org\mybatis\mybatis-spring\2.0.6\mybatis-spring-2.0.6.jar;D:\AppData\Maven\apache-maven-3.9.9-bin\apache-maven-3.9.9\mvn_repo\org\springframework\boot\spring-boot-autoconfigure\2.3.12.RELEASE\spring-boot-autoconfigure-2.3.12.RELEASE.jar;D:\AppData\Maven\apache-maven-3.9.9-bin\apache-maven-3.9.9\mvn_repo\org\springframework\boot\spring-boot-starter-jdbc\2.3.12.RELEASE\spring-boot-starter-jdbc-2.3.12.RELEASE.jar;D:\AppData\Maven\apache-maven-3.9.9-bin\apache-maven-3.9.9\mvn_repo\com\zaxxer\HikariCP\3.4.5\HikariCP-3.4.5.jar;D:\AppData\Maven\apache-maven-3.9.9-bin\apache-maven-3.9.9\mvn_repo\org\springframework\spring-jdbc\5.2.15.RELEASE\spring-jdbc-5.2.15.RELEASE.jar;D:\AppData\Maven\apache-maven-3.9.9-bin\apache-maven-3.9.9\mvn_repo\cn\hutool\hutool-all\5.7.17\hutool-all-5.7.17.jar;"/>
    <property name="sun.cpu.endian" value="little"/>
    <property name="user.home" value="C:\Users\Administrator"/>
    <property name="user.language" value="zh"/>
    <property name="java.specification.vendor" value="Oracle Corporation"/>
    <property name="java.version.date" value="2024-10-15"/>
    <property name="java.home" value="D:\AppData\Java\JDK-17"/>
    <property name="file.separator" value="\"/>
    <property name="basedir" value="D:\JavaProject-sddianping\sddianping"/>
    <property name="java.vm.compressedOopsMode" value="Zero based"/>
    <property name="line.separator" value="&#10;"/>
    <property name="java.vm.specification.vendor" value="Oracle Corporation"/>
    <property name="java.specification.name" value="Java Platform API Specification"/>
    <property name="surefire.real.class.path" value="C:\Users\ADMINI~1\AppData\Local\Temp\surefire257564941454340223\surefirebooter7284503609392255683.jar"/>
    <property name="user.script" value=""/>
    <property name="sun.management.compiler" value="HotSpot 64-Bit Tiered Compilers"/>
    <property name="java.runtime.version" value="17.0.13+10-LTS-268"/>
    <property name="user.name" value="Administrator"/>
    <property name="path.separator" value=";"/>
    <property name="os.version" value="10.0"/>
    <property name="java.runtime.name" value="Java(TM) SE Runtime Environment"/>
    <property name="file.encoding" value="GBK"/>
    <property name="java.vm.name" value="Java HotSpot(TM) 64-Bit Server VM"/>
    <property name="localRepository" value="D:\AppData\Maven\apache-maven-3.9.9-bin\apache-maven-3.9.9\mvn_repo"/>
    <property name="java.vendor.url.bug" value="https://bugreport.java.com/bugreport/"/>
    <property name="java.io.tmpdir" value="C:\Users\ADMINI~1\AppData\Local\Temp\"/>
    <property name="idea.version" value="2024.3.5"/>
    <property name="java.version" value="17.0.13"/>
    <property name="user.dir" value="D:\JavaProject-sddianping\sddianping"/>
    <property name="os.arch" value="amd64"/>
    <property name="java.vm.specification.name" value="Java Virtual Machine Specification"/>
    <property name="sun.os.patch.level" value=""/>
    <property name="native.encoding" value="GBK"/>
    <property name="java.library.path" value="D:\AppData\Java\JDK-17\bin;C:\windows\Sun\Java\bin;C:\windows\system32;C:\windows;C:\Program Files (x86)\Razer Chroma SDK\bin;C:\Program Files\Razer Chroma SDK\bin;D:\AppData\VMware Workstation\bin\;D:\AppData\Java\JDK-17\bin;D:\AppData\hadoop-3.1.0\bin;C:\Program Files\Common Files\Oracle\Java\javapath;C:\Program Files (x86)\Common Files\Oracle\Java\java8path;C:\Program Files (x86)\Common Files\Oracle\Java\javapath;C:\Program Files\NVIDIA GPU Computing Toolkit\CUDA\v12.6\bin;C:\Program Files\NVIDIA GPU Computing Toolkit\CUDA\v12.6\libnvvp;C:\windows\system32;C:\windows;C:\windows\System32\Wbem;C:\windows\System32\WindowsPowerShell\v1.0\;C:\windows\System32\OpenSSH\;C:\Program Files\geckodriver;C:\ProgramData\chocolatey\bin;C:\Program Files\ffmpeg-6.1.1\bin;C:\Program Files\OpenSSL-Win64\bin;C:\Program Files\NVIDIA Corporation\Nsight Compute 2024.3.1\;C:\Program Files (x86)\NVIDIA Corporation\PhysX\Common;D:\AppData\Git\cmd;C:\Program Files\NVIDIA Corporation\NVIDIA app\NvDLISR;D:\AppData\Go\bin;D:\AppData\Maven\apache-maven-3.9.9-bin\apache-maven-3.9.9\bin;D:\AppData\Mysql\mysql-9.2.0-winx64\bin;C:\windows\system32\config\systemprofile\AppData\Local\Microsoft\WindowsApps;D:\AppData\NetSarang\Xshell 8\;D:\AppData\NetSarang\Xftp 8\;D:\AppData\cursor\resources\app\bin;D:\AppData\Python\Python38\Scripts\;D:\AppData\Python\Python38\;C:\Users\Administrator\AppData\Local\Microsoft\WindowsApps;D:\AppData\PyCharm 2023.2.8\bin;;;%IntelliJ IDEA Community Edition%;D:\AppData\JetBrains\IntelliJ IDEA 2024.3.5\bin;;D:\AppData\Microsoft VS Code\bin;C:\Users\Administrator\go\bin;D:\AppData\JetBrains\DataGrip 2025.1\bin;;."/>
    <property name="java.vm.info" value="mixed mode, sharing"/>
    <property name="java.vendor" value="Oracle Corporation"/>
    <property name="java.vm.version" value="17.0.13+10-LTS-268"/>
    <property name="java.specification.maintenance.version" value="1"/>
    <property name="sun.io.unicode.encoding" value="UnicodeLittle"/>
    <property name="maven.repo.local" value="D:\AppData\Maven\apache-maven-3.9.9-bin\apache-maven-3.9.9\mvn_repo"/>
    <property name="java.class.version" value="61.0"/>
  </properties>
  <testcase name="savaShopToRedis" classname="com.hmdp.HmDianPingApplicationTests" time="1.394"/>
</testsuite>